<?xml version="1.0" encoding="UTF-8"?>
<!-- Generated by org.testng.reporters.JUnitReportReporter -->
<testsuite hostname="ZSCHN01LP0312" failures="0" tests="2" name="runners.GooglePageRunner" time="0.190" errors="0" timestamp="2024-02-07T16:19:35 IST" skipped="0">
  <testcase classname="runners.GooglePageRunner" name="runScenario" time="0.176"/>
  <system-out/>
  <testcase classname="runners.GooglePageRunner" name="runScenario" time="0.014"/>
  <system-out/>
</testsuite> <!-- runners.GooglePageRunner -->
