<?xml version="1.0" encoding="UTF-8"?>
<!-- Generated by org.testng.reporters.JUnitReportReporter -->
<testsuite hostname="ZSCHN01LP0312" failures="0" tests="1" name="runners.ConduitSignInRunner" time="0.215" errors="0" timestamp="2024-02-08T08:43:50 IST" skipped="0">
  <testcase classname="runners.ConduitSignInRunner" name="runScenario" time="0.215"/>
  <system-out/>
</testsuite> <!-- runners.ConduitSignInRunner -->
